2023-11-03 13:28:17.638 INFO  org.hibernate.validator.internal.util.Version     :21   [32m                  [0;39m HV000001: Hibernate Validator 6.2.5.Final
2023-11-03 13:28:17.651 INFO  com.wjy.ebook.config.EbookApplication             :55   [32m                  [0;39m Starting EbookApplication using Java 21.0.1 on wangjingyi with PID 30604 (D:\my_github_practice\SpringEbook\target\classes started by wangxi in D:\my_github_practice\SpringEbook)
2023-11-03 13:28:17.651 INFO  com.wjy.ebook.config.EbookApplication             :632  [32m                  [0;39m No active profile set, falling back to 1 default profile: "default"
2023-11-03 13:28:17.676 INFO  o.s.b.d.env.DevToolsPropertyDefaultsPostProcessor :255  [32m                  [0;39m Devtools property defaults active! Set 'spring.devtools.add-properties' to 'false' to disable
2023-11-03 13:28:17.677 INFO  o.s.b.d.env.DevToolsPropertyDefaultsPostProcessor :255  [32m                  [0;39m For additional web related logging consider setting the 'logging.level.web' property to 'DEBUG'
2023-11-03 13:28:17.998 INFO  o.s.d.r.config.RepositoryConfigurationDelegate    :262  [32m                  [0;39m Multiple Spring Data modules found, entering strict repository configuration mode
2023-11-03 13:28:18.000 INFO  o.s.d.r.config.RepositoryConfigurationDelegate    :132  [32m                  [0;39m Bootstrapping Spring Data Redis repositories in DEFAULT mode.
2023-11-03 13:28:18.010 INFO  o.s.d.r.config.RepositoryConfigurationDelegate    :201  [32m                  [0;39m Finished Spring Data repository scanning in 3 ms. Found 0 Redis repository interfaces.
2023-11-03 13:28:18.462 INFO  o.s.boot.web.embedded.tomcat.TomcatWebServer      :108  [32m                  [0;39m Tomcat initialized with port(s): 8086 (http)
2023-11-03 13:28:18.467 INFO  org.apache.coyote.http11.Http11NioProtocol        :173  [32m                  [0;39m Initializing ProtocolHandler ["http-nio-8086"]
2023-11-03 13:28:18.468 INFO  org.apache.catalina.core.StandardService          :173  [32m                  [0;39m Starting service [Tomcat]
2023-11-03 13:28:18.468 INFO  org.apache.catalina.core.StandardEngine           :173  [32m                  [0;39m Starting Servlet engine: [Apache Tomcat/9.0.82]
2023-11-03 13:28:18.510 INFO  o.a.c.core.ContainerBase.[Tomcat].[localhost].[/] :173  [32m                  [0;39m Initializing Spring embedded WebApplicationContext
2023-11-03 13:28:18.510 INFO  o.s.b.w.s.c.ServletWebServerApplicationContext    :292  [32m                  [0;39m Root WebApplicationContext: initialization completed in 831 ms
2023-11-03 13:28:19.215 INFO  o.s.b.d.autoconfigure.OptionalLiveReloadServer    :59   [32m                  [0;39m LiveReload server is running on port 35729
2023-11-03 13:28:19.225 INFO  org.apache.coyote.http11.Http11NioProtocol        :173  [32m                  [0;39m Starting ProtocolHandler ["http-nio-8086"]
2023-11-03 13:28:19.236 INFO  o.s.boot.web.embedded.tomcat.TomcatWebServer      :220  [32m                  [0;39m Tomcat started on port(s): 8086 (http) with context path ''
2023-11-03 13:28:19.242 INFO  com.wjy.ebook.config.EbookApplication             :61   [32m                  [0;39m Started EbookApplication in 1.829 seconds (JVM running for 2.183)
2023-11-03 13:28:19.243 INFO  com.wjy.ebook.config.EbookApplication             :23   [32m                  [0;39m 启动成功！！
2023-11-03 13:28:19.244 INFO  com.wjy.ebook.config.EbookApplication             :24   [32m                  [0;39m 地址: 	http://127.0.0.1:8086
2023-11-03 13:28:23.475 INFO  o.s.b.d.a.LocalDevToolsAutoConfiguration$RestartingClassPathChangeChangedEventListener:211  [32m                  [0;39m Restarting due to 30 class path changes (0 additions, 0 deletions, 30 modifications)
2023-11-03 13:28:23.478 INFO  org.apache.coyote.http11.Http11NioProtocol        :173  [32m                  [0;39m Pausing ProtocolHandler ["http-nio-8086"]
2023-11-03 13:28:23.478 INFO  org.apache.catalina.core.StandardService          :173  [32m                  [0;39m Stopping service [Tomcat]
2023-11-03 13:28:23.481 INFO  org.apache.coyote.http11.Http11NioProtocol        :173  [32m                  [0;39m Stopping ProtocolHandler ["http-nio-8086"]
2023-11-03 13:28:23.482 INFO  org.apache.coyote.http11.Http11NioProtocol        :173  [32m                  [0;39m Destroying ProtocolHandler ["http-nio-8086"]
2023-11-03 13:28:23.534 INFO  com.wjy.ebook.config.EbookApplication             :55   [32m                  [0;39m Starting EbookApplication using Java 21.0.1 on wangjingyi with PID 30604 (D:\my_github_practice\SpringEbook\target\classes started by wangxi in D:\my_github_practice\SpringEbook)
2023-11-03 13:28:23.534 INFO  com.wjy.ebook.config.EbookApplication             :632  [32m                  [0;39m No active profile set, falling back to 1 default profile: "default"
2023-11-03 13:28:23.604 INFO  o.s.d.r.config.RepositoryConfigurationDelegate    :262  [32m                  [0;39m Multiple Spring Data modules found, entering strict repository configuration mode
2023-11-03 13:28:23.604 INFO  o.s.d.r.config.RepositoryConfigurationDelegate    :132  [32m                  [0;39m Bootstrapping Spring Data Redis repositories in DEFAULT mode.
2023-11-03 13:28:23.605 INFO  o.s.d.r.config.RepositoryConfigurationDelegate    :201  [32m                  [0;39m Finished Spring Data repository scanning in 0 ms. Found 0 Redis repository interfaces.
2023-11-03 13:28:23.673 INFO  o.s.boot.web.embedded.tomcat.TomcatWebServer      :108  [32m                  [0;39m Tomcat initialized with port(s): 8086 (http)
2023-11-03 13:28:23.673 INFO  org.apache.coyote.http11.Http11NioProtocol        :173  [32m                  [0;39m Initializing ProtocolHandler ["http-nio-8086"]
2023-11-03 13:28:23.673 INFO  org.apache.catalina.core.StandardService          :173  [32m                  [0;39m Starting service [Tomcat]
2023-11-03 13:28:23.673 INFO  org.apache.catalina.core.StandardEngine           :173  [32m                  [0;39m Starting Servlet engine: [Apache Tomcat/9.0.82]
2023-11-03 13:28:23.680 INFO  o.a.c.core.ContainerBase.[Tomcat].[localhost].[/] :173  [32m                  [0;39m Initializing Spring embedded WebApplicationContext
2023-11-03 13:28:23.681 INFO  o.s.b.w.s.c.ServletWebServerApplicationContext    :292  [32m                  [0;39m Root WebApplicationContext: initialization completed in 146 ms
2023-11-03 13:28:23.965 INFO  o.s.b.d.autoconfigure.OptionalLiveReloadServer    :59   [32m                  [0;39m LiveReload server is running on port 35729
2023-11-03 13:28:23.970 INFO  org.apache.coyote.http11.Http11NioProtocol        :173  [32m                  [0;39m Starting ProtocolHandler ["http-nio-8086"]
2023-11-03 13:28:23.971 INFO  o.s.boot.web.embedded.tomcat.TomcatWebServer      :220  [32m                  [0;39m Tomcat started on port(s): 8086 (http) with context path ''
2023-11-03 13:28:23.973 INFO  com.wjy.ebook.config.EbookApplication             :61   [32m                  [0;39m Started EbookApplication in 0.459 seconds (JVM running for 6.914)
2023-11-03 13:28:23.974 INFO  o.s.b.d.a.ConditionEvaluationDeltaLoggingListener :63   [32m                  [0;39m Condition evaluation unchanged
2023-11-03 13:28:23.974 INFO  com.wjy.ebook.config.EbookApplication             :23   [32m                  [0;39m 启动成功！！
2023-11-03 13:28:23.974 INFO  com.wjy.ebook.config.EbookApplication             :24   [32m                  [0;39m 地址: 	http://127.0.0.1:8086
