2023-11-02 11:12:33.508 INFO  org.hibernate.validator.internal.util.Version     :21   [32m                  [0;39m HV000001: Hibernate Validator 6.2.5.Final
2023-11-02 11:12:33.519 INFO  com.wjy.ebook.config.EbookApplication             :55   [32m                  [0;39m Starting EbookApplication using Java 21.0.1 on wangjingyi with PID 28184 (D:\my_github_practice\SpringEbook\target\classes started by wangxi in D:\my_github_practice\SpringEbook)
2023-11-02 11:12:33.520 INFO  com.wjy.ebook.config.EbookApplication             :632  [32m                  [0;39m No active profile set, falling back to 1 default profile: "default"
2023-11-02 11:12:33.549 INFO  o.s.b.d.env.DevToolsPropertyDefaultsPostProcessor :255  [32m                  [0;39m Devtools property defaults active! Set 'spring.devtools.add-properties' to 'false' to disable
2023-11-02 11:12:33.550 INFO  o.s.b.d.env.DevToolsPropertyDefaultsPostProcessor :255  [32m                  [0;39m For additional web related logging consider setting the 'logging.level.web' property to 'DEBUG'
2023-11-02 11:12:33.904 INFO  o.s.d.r.config.RepositoryConfigurationDelegate    :262  [32m                  [0;39m Multiple Spring Data modules found, entering strict repository configuration mode
2023-11-02 11:12:33.905 INFO  o.s.d.r.config.RepositoryConfigurationDelegate    :132  [32m                  [0;39m Bootstrapping Spring Data Redis repositories in DEFAULT mode.
2023-11-02 11:12:33.915 INFO  o.s.d.r.config.RepositoryConfigurationDelegate    :201  [32m                  [0;39m Finished Spring Data repository scanning in 3 ms. Found 0 Redis repository interfaces.
2023-11-02 11:12:34.371 INFO  o.s.boot.web.embedded.tomcat.TomcatWebServer      :108  [32m                  [0;39m Tomcat initialized with port(s): 8086 (http)
2023-11-02 11:12:34.376 INFO  org.apache.coyote.http11.Http11NioProtocol        :173  [32m                  [0;39m Initializing ProtocolHandler ["http-nio-8086"]
2023-11-02 11:12:34.377 INFO  org.apache.catalina.core.StandardService          :173  [32m                  [0;39m Starting service [Tomcat]
2023-11-02 11:12:34.377 INFO  org.apache.catalina.core.StandardEngine           :173  [32m                  [0;39m Starting Servlet engine: [Apache Tomcat/9.0.82]
2023-11-02 11:12:34.420 INFO  o.a.c.core.ContainerBase.[Tomcat].[localhost].[/] :173  [32m                  [0;39m Initializing Spring embedded WebApplicationContext
2023-11-02 11:12:34.420 INFO  o.s.b.w.s.c.ServletWebServerApplicationContext    :292  [32m                  [0;39m Root WebApplicationContext: initialization completed in 870 ms
2023-11-02 11:12:35.147 INFO  o.s.b.d.autoconfigure.OptionalLiveReloadServer    :59   [32m                  [0;39m LiveReload server is running on port 35729
2023-11-02 11:12:35.155 INFO  org.apache.coyote.http11.Http11NioProtocol        :173  [32m                  [0;39m Starting ProtocolHandler ["http-nio-8086"]
2023-11-02 11:12:35.167 INFO  o.s.boot.web.embedded.tomcat.TomcatWebServer      :220  [32m                  [0;39m Tomcat started on port(s): 8086 (http) with context path ''
2023-11-02 11:12:35.173 INFO  com.wjy.ebook.config.EbookApplication             :61   [32m                  [0;39m Started EbookApplication in 1.91 seconds (JVM running for 2.304)
2023-11-02 11:12:35.175 INFO  com.wjy.ebook.config.EbookApplication             :23   [32m                  [0;39m 启动成功！！
2023-11-02 11:12:35.175 INFO  com.wjy.ebook.config.EbookApplication             :24   [32m                  [0;39m 地址: 	http://127.0.0.1:8086
