2023-11-01 17:58:06.841 INFO  org.hibernate.validator.internal.util.Version     :21   [32m                  [0;39m HV000001: Hibernate Validator 6.2.5.Final
2023-11-01 17:58:06.854 INFO  com.wjy.ebook.config.EbookApplication             :55   [32m                  [0;39m Starting EbookApplication using Java 21.0.1 on wangjingyi with PID 29756 (D:\my_github_practice\SpringEbook\target\classes started by wangxi in D:\my_github_practice\SpringEbook)
2023-11-01 17:58:06.854 INFO  com.wjy.ebook.config.EbookApplication             :632  [32m                  [0;39m No active profile set, falling back to 1 default profile: "default"
2023-11-01 17:58:06.879 INFO  o.s.b.d.env.DevToolsPropertyDefaultsPostProcessor :255  [32m                  [0;39m Devtools property defaults active! Set 'spring.devtools.add-properties' to 'false' to disable
2023-11-01 17:58:06.879 INFO  o.s.b.d.env.DevToolsPropertyDefaultsPostProcessor :255  [32m                  [0;39m For additional web related logging consider setting the 'logging.level.web' property to 'DEBUG'
2023-11-01 17:58:07.187 INFO  o.s.d.r.config.RepositoryConfigurationDelegate    :262  [32m                  [0;39m Multiple Spring Data modules found, entering strict repository configuration mode
2023-11-01 17:58:07.188 INFO  o.s.d.r.config.RepositoryConfigurationDelegate    :132  [32m                  [0;39m Bootstrapping Spring Data Redis repositories in DEFAULT mode.
2023-11-01 17:58:07.202 INFO  o.s.d.r.config.RepositoryConfigurationDelegate    :201  [32m                  [0;39m Finished Spring Data repository scanning in 3 ms. Found 0 Redis repository interfaces.
2023-11-01 17:58:07.637 INFO  o.s.boot.web.embedded.tomcat.TomcatWebServer      :108  [32m                  [0;39m Tomcat initialized with port(s): 8081 (http)
2023-11-01 17:58:07.642 INFO  org.apache.coyote.http11.Http11NioProtocol        :173  [32m                  [0;39m Initializing ProtocolHandler ["http-nio-8081"]
2023-11-01 17:58:07.643 INFO  org.apache.catalina.core.StandardService          :173  [32m                  [0;39m Starting service [Tomcat]
2023-11-01 17:58:07.643 INFO  org.apache.catalina.core.StandardEngine           :173  [32m                  [0;39m Starting Servlet engine: [Apache Tomcat/9.0.82]
2023-11-01 17:58:07.687 INFO  o.a.c.core.ContainerBase.[Tomcat].[localhost].[/] :173  [32m                  [0;39m Initializing Spring embedded WebApplicationContext
2023-11-01 17:58:07.687 INFO  o.s.b.w.s.c.ServletWebServerApplicationContext    :292  [32m                  [0;39m Root WebApplicationContext: initialization completed in 807 ms
2023-11-01 17:58:08.365 WARN  o.s.b.d.autoconfigure.OptionalLiveReloadServer    :62   [32m                  [0;39m Unable to start LiveReload server
2023-11-01 17:58:08.376 INFO  org.apache.coyote.http11.Http11NioProtocol        :173  [32m                  [0;39m Starting ProtocolHandler ["http-nio-8081"]
2023-11-01 17:58:08.378 WARN  o.s.b.w.s.c.AnnotationConfigServletWebServerApplicationContext:591  [32m                  [0;39m Exception encountered during context initialization - cancelling refresh attempt: org.springframework.context.ApplicationContextException: Failed to start bean 'webServerStartStop'; nested exception is org.springframework.boot.web.server.PortInUseException: Port 8081 is already in use
2023-11-01 17:58:08.387 INFO  org.apache.coyote.http11.Http11NioProtocol        :173  [32m                  [0;39m Pausing ProtocolHandler ["http-nio-8081"]
2023-11-01 17:58:08.387 INFO  org.apache.catalina.core.StandardService          :173  [32m                  [0;39m Stopping service [Tomcat]
2023-11-01 17:58:08.390 INFO  org.apache.coyote.http11.Http11NioProtocol        :173  [32m                  [0;39m Stopping ProtocolHandler ["http-nio-8081"]
2023-11-01 17:58:08.390 INFO  org.apache.coyote.http11.Http11NioProtocol        :173  [32m                  [0;39m Destroying ProtocolHandler ["http-nio-8081"]
2023-11-01 17:58:08.394 INFO  o.s.b.a.l.ConditionEvaluationReportLoggingListener:136  [32m                  [0;39m 

Error starting ApplicationContext. To display the conditions report re-run your application with 'debug' enabled.
2023-11-01 17:58:08.403 ERROR o.s.b.diagnostics.LoggingFailureAnalysisReporter  :40   [32m                  [0;39m 

***************************
APPLICATION FAILED TO START
***************************

Description:

Web server failed to start. Port 8081 was already in use.

Action:

Identify and stop the process that's listening on port 8081 or configure this application to listen on another port.

2023-11-01 17:58:26.563 INFO  org.hibernate.validator.internal.util.Version     :21   [32m                  [0;39m HV000001: Hibernate Validator 6.2.5.Final
2023-11-01 17:58:26.574 INFO  com.wjy.ebook.config.EbookApplication             :55   [32m                  [0;39m Starting EbookApplication using Java 21.0.1 on wangjingyi with PID 26740 (D:\my_github_practice\SpringEbook\target\classes started by wangxi in D:\my_github_practice\SpringEbook)
2023-11-01 17:58:26.575 INFO  com.wjy.ebook.config.EbookApplication             :632  [32m                  [0;39m No active profile set, falling back to 1 default profile: "default"
2023-11-01 17:58:26.603 INFO  o.s.b.d.env.DevToolsPropertyDefaultsPostProcessor :255  [32m                  [0;39m Devtools property defaults active! Set 'spring.devtools.add-properties' to 'false' to disable
2023-11-01 17:58:26.603 INFO  o.s.b.d.env.DevToolsPropertyDefaultsPostProcessor :255  [32m                  [0;39m For additional web related logging consider setting the 'logging.level.web' property to 'DEBUG'
2023-11-01 17:58:26.913 INFO  o.s.d.r.config.RepositoryConfigurationDelegate    :262  [32m                  [0;39m Multiple Spring Data modules found, entering strict repository configuration mode
2023-11-01 17:58:26.914 INFO  o.s.d.r.config.RepositoryConfigurationDelegate    :132  [32m                  [0;39m Bootstrapping Spring Data Redis repositories in DEFAULT mode.
2023-11-01 17:58:26.924 INFO  o.s.d.r.config.RepositoryConfigurationDelegate    :201  [32m                  [0;39m Finished Spring Data repository scanning in 3 ms. Found 0 Redis repository interfaces.
2023-11-01 17:58:27.354 INFO  o.s.boot.web.embedded.tomcat.TomcatWebServer      :108  [32m                  [0;39m Tomcat initialized with port(s): 8086 (http)
2023-11-01 17:58:27.359 INFO  org.apache.coyote.http11.Http11NioProtocol        :173  [32m                  [0;39m Initializing ProtocolHandler ["http-nio-8086"]
2023-11-01 17:58:27.360 INFO  org.apache.catalina.core.StandardService          :173  [32m                  [0;39m Starting service [Tomcat]
2023-11-01 17:58:27.360 INFO  org.apache.catalina.core.StandardEngine           :173  [32m                  [0;39m Starting Servlet engine: [Apache Tomcat/9.0.82]
2023-11-01 17:58:27.396 INFO  o.a.c.core.ContainerBase.[Tomcat].[localhost].[/] :173  [32m                  [0;39m Initializing Spring embedded WebApplicationContext
2023-11-01 17:58:27.396 INFO  o.s.b.w.s.c.ServletWebServerApplicationContext    :292  [32m                  [0;39m Root WebApplicationContext: initialization completed in 792 ms
2023-11-01 17:58:28.065 WARN  o.s.b.d.autoconfigure.OptionalLiveReloadServer    :62   [32m                  [0;39m Unable to start LiveReload server
2023-11-01 17:58:28.075 INFO  org.apache.coyote.http11.Http11NioProtocol        :173  [32m                  [0;39m Starting ProtocolHandler ["http-nio-8086"]
2023-11-01 17:58:28.086 INFO  o.s.boot.web.embedded.tomcat.TomcatWebServer      :220  [32m                  [0;39m Tomcat started on port(s): 8086 (http) with context path ''
2023-11-01 17:58:28.091 INFO  com.wjy.ebook.config.EbookApplication             :61   [32m                  [0;39m Started EbookApplication in 1.745 seconds (JVM running for 2.096)
2023-11-01 17:58:28.093 INFO  com.wjy.ebook.config.EbookApplication             :23   [32m                  [0;39m 启动成功！！
2023-11-01 17:58:28.093 INFO  com.wjy.ebook.config.EbookApplication             :24   [32m                  [0;39m 地址: 	http://127.0.0.1:8086
2023-11-01 17:58:32.507 INFO  o.s.b.d.a.LocalDevToolsAutoConfiguration$RestartingClassPathChangeChangedEventListener:211  [32m                  [0;39m Restarting due to 30 class path changes (0 additions, 29 deletions, 1 modification)
2023-11-01 17:58:32.511 INFO  org.apache.coyote.http11.Http11NioProtocol        :173  [32m                  [0;39m Pausing ProtocolHandler ["http-nio-8086"]
2023-11-01 17:58:32.511 INFO  org.apache.catalina.core.StandardService          :173  [32m                  [0;39m Stopping service [Tomcat]
2023-11-01 17:58:32.514 INFO  org.apache.coyote.http11.Http11NioProtocol        :173  [32m                  [0;39m Stopping ProtocolHandler ["http-nio-8086"]
2023-11-01 17:58:32.515 INFO  org.apache.coyote.http11.Http11NioProtocol        :173  [32m                  [0;39m Destroying ProtocolHandler ["http-nio-8086"]
2023-11-01 17:58:32.583 INFO  com.wjy.ebook.config.EbookApplication             :55   [32m                  [0;39m Starting EbookApplication using Java 21.0.1 on wangjingyi with PID 26740 (D:\my_github_practice\SpringEbook\target\classes started by wangxi in D:\my_github_practice\SpringEbook)
2023-11-01 17:58:32.583 INFO  com.wjy.ebook.config.EbookApplication             :632  [32m                  [0;39m No active profile set, falling back to 1 default profile: "default"
2023-11-01 17:58:32.665 INFO  o.s.d.r.config.RepositoryConfigurationDelegate    :262  [32m                  [0;39m Multiple Spring Data modules found, entering strict repository configuration mode
2023-11-01 17:58:32.665 INFO  o.s.d.r.config.RepositoryConfigurationDelegate    :132  [32m                  [0;39m Bootstrapping Spring Data Redis repositories in DEFAULT mode.
2023-11-01 17:58:32.667 INFO  o.s.d.r.config.RepositoryConfigurationDelegate    :201  [32m                  [0;39m Finished Spring Data repository scanning in 0 ms. Found 0 Redis repository interfaces.
2023-11-01 17:58:32.746 INFO  o.s.boot.web.embedded.tomcat.TomcatWebServer      :108  [32m                  [0;39m Tomcat initialized with port(s): 8086 (http)
2023-11-01 17:58:32.746 INFO  org.apache.coyote.http11.Http11NioProtocol        :173  [32m                  [0;39m Initializing ProtocolHandler ["http-nio-8086"]
2023-11-01 17:58:32.747 INFO  org.apache.catalina.core.StandardService          :173  [32m                  [0;39m Starting service [Tomcat]
2023-11-01 17:58:32.747 INFO  org.apache.catalina.core.StandardEngine           :173  [32m                  [0;39m Starting Servlet engine: [Apache Tomcat/9.0.82]
2023-11-01 17:58:32.754 INFO  o.a.c.core.ContainerBase.[Tomcat].[localhost].[/] :173  [32m                  [0;39m Initializing Spring embedded WebApplicationContext
2023-11-01 17:58:32.754 INFO  o.s.b.w.s.c.ServletWebServerApplicationContext    :292  [32m                  [0;39m Root WebApplicationContext: initialization completed in 169 ms
2023-11-01 17:58:33.013 WARN  o.s.b.d.autoconfigure.OptionalLiveReloadServer    :62   [32m                  [0;39m Unable to start LiveReload server
2023-11-01 17:58:33.019 INFO  org.apache.coyote.http11.Http11NioProtocol        :173  [32m                  [0;39m Starting ProtocolHandler ["http-nio-8086"]
2023-11-01 17:58:33.022 INFO  o.s.boot.web.embedded.tomcat.TomcatWebServer      :220  [32m                  [0;39m Tomcat started on port(s): 8086 (http) with context path ''
2023-11-01 17:58:33.024 INFO  com.wjy.ebook.config.EbookApplication             :61   [32m                  [0;39m Started EbookApplication in 0.462 seconds (JVM running for 7.029)
2023-11-01 17:58:33.025 INFO  o.s.b.d.a.ConditionEvaluationDeltaLoggingListener :63   [32m                  [0;39m Condition evaluation unchanged
2023-11-01 17:58:33.026 INFO  com.wjy.ebook.config.EbookApplication             :23   [32m                  [0;39m 启动成功！！
2023-11-01 17:58:33.026 INFO  com.wjy.ebook.config.EbookApplication             :24   [32m                  [0;39m 地址: 	http://127.0.0.1:8086
2023-11-01 17:58:34.429 INFO  o.s.b.d.a.LocalDevToolsAutoConfiguration$RestartingClassPathChangeChangedEventListener:211  [32m                  [0;39m Restarting due to 29 class path changes (29 additions, 0 deletions, 0 modifications)
2023-11-01 17:58:34.431 INFO  org.apache.coyote.http11.Http11NioProtocol        :173  [32m                  [0;39m Pausing ProtocolHandler ["http-nio-8086"]
2023-11-01 17:58:34.432 INFO  org.apache.catalina.core.StandardService          :173  [32m                  [0;39m Stopping service [Tomcat]
2023-11-01 17:58:34.433 INFO  org.apache.coyote.http11.Http11NioProtocol        :173  [32m                  [0;39m Stopping ProtocolHandler ["http-nio-8086"]
2023-11-01 17:58:34.434 INFO  org.apache.coyote.http11.Http11NioProtocol        :173  [32m                  [0;39m Destroying ProtocolHandler ["http-nio-8086"]
2023-11-01 17:58:34.488 INFO  com.wjy.ebook.config.EbookApplication             :55   [32m                  [0;39m Starting EbookApplication using Java 21.0.1 on wangjingyi with PID 26740 (D:\my_github_practice\SpringEbook\target\classes started by wangxi in D:\my_github_practice\SpringEbook)
2023-11-01 17:58:34.488 INFO  com.wjy.ebook.config.EbookApplication             :632  [32m                  [0;39m No active profile set, falling back to 1 default profile: "default"
2023-11-01 17:58:34.557 INFO  o.s.d.r.config.RepositoryConfigurationDelegate    :262  [32m                  [0;39m Multiple Spring Data modules found, entering strict repository configuration mode
2023-11-01 17:58:34.557 INFO  o.s.d.r.config.RepositoryConfigurationDelegate    :132  [32m                  [0;39m Bootstrapping Spring Data Redis repositories in DEFAULT mode.
2023-11-01 17:58:34.558 INFO  o.s.d.r.config.RepositoryConfigurationDelegate    :201  [32m                  [0;39m Finished Spring Data repository scanning in 0 ms. Found 0 Redis repository interfaces.
2023-11-01 17:58:34.612 INFO  o.s.boot.web.embedded.tomcat.TomcatWebServer      :108  [32m                  [0;39m Tomcat initialized with port(s): 8086 (http)
2023-11-01 17:58:34.612 INFO  org.apache.coyote.http11.Http11NioProtocol        :173  [32m                  [0;39m Initializing ProtocolHandler ["http-nio-8086"]
2023-11-01 17:58:34.612 INFO  org.apache.catalina.core.StandardService          :173  [32m                  [0;39m Starting service [Tomcat]
2023-11-01 17:58:34.612 INFO  org.apache.catalina.core.StandardEngine           :173  [32m                  [0;39m Starting Servlet engine: [Apache Tomcat/9.0.82]
2023-11-01 17:58:34.618 INFO  o.a.c.core.ContainerBase.[Tomcat].[localhost].[/] :173  [32m                  [0;39m Initializing Spring embedded WebApplicationContext
2023-11-01 17:58:34.618 INFO  o.s.b.w.s.c.ServletWebServerApplicationContext    :292  [32m                  [0;39m Root WebApplicationContext: initialization completed in 128 ms
2023-11-01 17:58:34.841 WARN  o.s.b.d.autoconfigure.OptionalLiveReloadServer    :62   [32m                  [0;39m Unable to start LiveReload server
2023-11-01 17:58:34.846 INFO  org.apache.coyote.http11.Http11NioProtocol        :173  [32m                  [0;39m Starting ProtocolHandler ["http-nio-8086"]
2023-11-01 17:58:34.847 INFO  o.s.boot.web.embedded.tomcat.TomcatWebServer      :220  [32m                  [0;39m Tomcat started on port(s): 8086 (http) with context path ''
2023-11-01 17:58:34.849 INFO  com.wjy.ebook.config.EbookApplication             :61   [32m                  [0;39m Started EbookApplication in 0.376 seconds (JVM running for 8.854)
2023-11-01 17:58:34.850 INFO  o.s.b.d.a.ConditionEvaluationDeltaLoggingListener :63   [32m                  [0;39m Condition evaluation unchanged
2023-11-01 17:58:34.851 INFO  com.wjy.ebook.config.EbookApplication             :23   [32m                  [0;39m 启动成功！！
2023-11-01 17:58:34.851 INFO  com.wjy.ebook.config.EbookApplication             :24   [32m                  [0;39m 地址: 	http://127.0.0.1:8086
